c:\users\endeavor\documents\github\rd1enginesource\debug\rd1engine.pdb
c:\users\endeavor\documents\github\rd1enginesource\debug\rd1engine.idb
c:\users\endeavor\documents\github\rd1enginesource\debug\metroidfusion.nativecodeanalysis.xml
c:\users\endeavor\documents\github\rd1enginesource\debug\nmapbuffer.nativecodeanalysis.xml
c:\users\endeavor\documents\github\rd1enginesource\debug\oamframetable.nativecodeanalysis.xml
c:\users\endeavor\documents\github\rd1enginesource\debug\offsetstorage.nativecodeanalysis.xml
c:\users\endeavor\documents\github\rd1enginesource\debug\opengl2.nativecodeanalysis.xml
c:\users\endeavor\documents\github\rd1enginesource\debug\rd1engine.nativecodeanalysis.xml
c:\users\endeavor\documents\github\rd1enginesource\debug\roomclass.nativecodeanalysis.xml
c:\users\endeavor\documents\github\rd1enginesource\debug\samusbase.nativecodeanalysis.xml
c:\users\endeavor\documents\github\rd1enginesource\debug\json.nativecodeanalysis.xml
c:\users\endeavor\documents\github\rd1enginesource\debug\jsonvalue.nativecodeanalysis.xml
c:\users\endeavor\documents\github\rd1enginesource\debug\tilebuffer.nativecodeanalysis.xml
c:\users\endeavor\documents\github\rd1enginesource\debug\tilesetmananger.nativecodeanalysis.xml
c:\users\endeavor\documents\github\rd1enginesource\debug\warioland.nativecodeanalysis.xml
c:\users\endeavor\documents\github\rd1enginesource\debug\zeromission.nativecodeanalysis.xml
c:\users\endeavor\documents\github\rd1enginesource\debug\animatedtiles.nativecodeanalysis.xml
c:\users\endeavor\documents\github\rd1enginesource\debug\framemanager.nativecodeanalysis.xml
c:\users\endeavor\documents\github\rd1enginesource\debug\frames.nativecodeanalysis.xml
c:\users\endeavor\documents\github\rd1enginesource\debug\frameutilities.nativecodeanalysis.xml
c:\users\endeavor\documents\github\rd1enginesource\debug\sprgbuf.nativecodeanalysis.xml
c:\users\endeavor\documents\github\rd1enginesource\debug\spriteobjectmanager.nativecodeanalysis.xml
c:\users\endeavor\documents\github\rd1enginesource\debug\spriteobjectmanager.obj
c:\users\endeavor\documents\github\rd1enginesource\debug\sprgbuf.obj
c:\users\endeavor\documents\github\rd1enginesource\debug\frameutilities.obj
c:\users\endeavor\documents\github\rd1enginesource\debug\frames.obj
c:\users\endeavor\documents\github\rd1enginesource\debug\framemanager.obj
c:\users\endeavor\documents\github\rd1enginesource\debug\animatedtiles.obj
c:\users\endeavor\documents\github\rd1enginesource\debug\zeromission.obj
c:\users\endeavor\documents\github\rd1enginesource\debug\warioland.obj
c:\users\endeavor\documents\github\rd1enginesource\debug\tilesetmananger.obj
c:\users\endeavor\documents\github\rd1enginesource\debug\tilebuffer.obj
c:\users\endeavor\documents\github\rd1enginesource\debug\jsonvalue.obj
c:\users\endeavor\documents\github\rd1enginesource\debug\json.obj
c:\users\endeavor\documents\github\rd1enginesource\debug\samusbase.obj
c:\users\endeavor\documents\github\rd1enginesource\debug\roomclass.obj
c:\users\endeavor\documents\github\rd1enginesource\debug\rd1engine.obj
c:\users\endeavor\documents\github\rd1enginesource\debug\opengl2.obj
c:\users\endeavor\documents\github\rd1enginesource\debug\offsetstorage.obj
c:\users\endeavor\documents\github\rd1enginesource\debug\oamframetable.obj
c:\users\endeavor\documents\github\rd1enginesource\debug\nmapbuffer.obj
c:\users\endeavor\documents\github\rd1enginesource\debug\metroidfusion.obj
c:\users\endeavor\documents\github\rd1enginesource\debug\clsscroll.nativecodeanalysis.xml
c:\users\endeavor\documents\github\rd1enginesource\debug\coammanager.nativecodeanalysis.xml
c:\users\endeavor\documents\github\rd1enginesource\debug\cprs_lz.nativecodeanalysis.xml
c:\users\endeavor\documents\github\rd1enginesource\debug\cundobuffer.nativecodeanalysis.xml
c:\users\endeavor\documents\github\rd1enginesource\debug\doormanager.nativecodeanalysis.xml
c:\users\endeavor\documents\github\rd1enginesource\debug\fi.nativecodeanalysis.xml
c:\users\endeavor\documents\github\rd1enginesource\debug\fusionsamus.nativecodeanalysis.xml
c:\users\endeavor\documents\github\rd1enginesource\debug\gamearea.nativecodeanalysis.xml
c:\users\endeavor\documents\github\rd1enginesource\debug\gameconfiguration.nativecodeanalysis.xml
c:\users\endeavor\documents\github\rd1enginesource\debug\gbabase.nativecodeanalysis.xml
c:\users\endeavor\documents\github\rd1enginesource\debug\gbagraphics.nativecodeanalysis.xml
c:\users\endeavor\documents\github\rd1enginesource\debug\gbamethods.nativecodeanalysis.xml
c:\users\endeavor\documents\github\rd1enginesource\debug\gritinterface.nativecodeanalysis.xml
c:\users\endeavor\documents\github\rd1enginesource\debug\image.nativecodeanalysis.xml
c:\users\endeavor\documents\github\rd1enginesource\debug\imagecache.nativecodeanalysis.xml
c:\users\endeavor\documents\github\rd1enginesource\debug\leakfinder.nativecodeanalysis.xml
c:\users\endeavor\documents\github\rd1enginesource\debug\logger.nativecodeanalysis.xml
c:\users\endeavor\documents\github\rd1enginesource\debug\mapeditingstate.nativecodeanalysis.xml
c:\users\endeavor\documents\github\rd1enginesource\debug\mapmanager.nativecodeanalysis.xml
c:\users\endeavor\documents\github\rd1enginesource\debug\memfile.nativecodeanalysis.xml
c:\users\endeavor\documents\github\rd1enginesource\debug\memfile.obj
c:\users\endeavor\documents\github\rd1enginesource\debug\mapmanager.obj
c:\users\endeavor\documents\github\rd1enginesource\debug\mapeditingstate.obj
c:\users\endeavor\documents\github\rd1enginesource\debug\logger.obj
c:\users\endeavor\documents\github\rd1enginesource\debug\leakfinder.obj
c:\users\endeavor\documents\github\rd1enginesource\debug\imagecache.obj
c:\users\endeavor\documents\github\rd1enginesource\debug\image.obj
c:\users\endeavor\documents\github\rd1enginesource\debug\gritinterface.obj
c:\users\endeavor\documents\github\rd1enginesource\debug\gbamethods.obj
c:\users\endeavor\documents\github\rd1enginesource\debug\gbagraphics.obj
c:\users\endeavor\documents\github\rd1enginesource\debug\gbabase.obj
c:\users\endeavor\documents\github\rd1enginesource\debug\gameconfiguration.obj
c:\users\endeavor\documents\github\rd1enginesource\debug\gamearea.obj
c:\users\endeavor\documents\github\rd1enginesource\debug\fusionsamus.obj
c:\users\endeavor\documents\github\rd1enginesource\debug\fi.obj
c:\users\endeavor\documents\github\rd1enginesource\debug\doormanager.obj
c:\users\endeavor\documents\github\rd1enginesource\debug\cundobuffer.obj
c:\users\endeavor\documents\github\rd1enginesource\debug\cprs_lz.obj
c:\users\endeavor\documents\github\rd1enginesource\debug\coammanager.obj
c:\users\endeavor\documents\github\rd1enginesource\debug\clsscroll.obj
c:\users\endeavor\documents\github\rd1enginesource\debug\areasmanager.nativecodeanalysis.xml
c:\users\endeavor\documents\github\rd1enginesource\debug\backbuffer.nativecodeanalysis.xml
c:\users\endeavor\documents\github\rd1enginesource\debug\basetitle.nativecodeanalysis.xml
c:\users\endeavor\documents\github\rd1enginesource\debug\ccopydata.nativecodeanalysis.xml
c:\users\endeavor\documents\github\rd1enginesource\debug\cenititymanager.nativecodeanalysis.xml
c:\users\endeavor\documents\github\rd1enginesource\debug\cli.nativecodeanalysis.xml
c:\users\endeavor\documents\github\rd1enginesource\debug\clspreviewsprite.nativecodeanalysis.xml
c:\users\endeavor\documents\github\rd1enginesource\debug\clsroomscrolls.nativecodeanalysis.xml
c:\users\endeavor\documents\github\rd1enginesource\debug\clsroomscrolls.obj
c:\users\endeavor\documents\github\rd1enginesource\debug\clspreviewsprite.obj
c:\users\endeavor\documents\github\rd1enginesource\debug\cli.obj
c:\users\endeavor\documents\github\rd1enginesource\debug\cenititymanager.obj
c:\users\endeavor\documents\github\rd1enginesource\debug\ccopydata.obj
c:\users\endeavor\documents\github\rd1enginesource\debug\basetitle.obj
c:\users\endeavor\documents\github\rd1enginesource\debug\backbuffer.obj
c:\users\endeavor\documents\github\rd1enginesource\debug\areasmanager.obj
c:\users\endeavor\documents\github\rd1enginesource\debug\rd1engined.lib
c:\users\endeavor\documents\github\rd1enginesource\debug\nativecodeanalysis.read.1.tlog
c:\users\endeavor\documents\github\rd1enginesource\debug\vc.nativecodeanalysis.all.xml
c:\users\endeavor\documents\github\rd1enginesource\debug\rd1engined.lib.lastcodeanalysissucceeded
c:\users\endeavor\documents\github\rd1enginesource\debug\rd1engine.tlog\cl.command.1.tlog
c:\users\endeavor\documents\github\rd1enginesource\debug\rd1engine.tlog\cl.read.1.tlog
c:\users\endeavor\documents\github\rd1enginesource\debug\rd1engine.tlog\cl.write.1.tlog
c:\users\endeavor\documents\github\rd1enginesource\debug\rd1engine.tlog\lib-link.read.1.tlog
c:\users\endeavor\documents\github\rd1enginesource\debug\rd1engine.tlog\lib-link.write.1.tlog
c:\users\endeavor\documents\github\rd1enginesource\debug\rd1engine.tlog\lib.command.1.tlog
